app/build/intermediates/manifest_merge_blame_file/debug/processDebugMainManifest/manifest-merger-blame-debug-report.txt
1<?xml version="1.0" encoding="utf-8"?>
2<manifest xmlns:android="http://schemas.android.com/apk/res/android"
3    package="com.example.kitchenlist"
4    android:versionCode="1"
5    android:versionName="1.0" >
6
7    <uses-sdk
8        android:minSdkVersion="34"
9        android:targetSdkVersion="34" />
10
11    <uses-permission android:name="android.permission.INTERNET" />
11-->[com.google.firebase:firebase-auth:23.0.0] AndroidManifest.xml:25:5-67
11-->[com.google.firebase:firebase-auth:23.0.0] AndroidManifest.xml:25:22-64
12    <uses-permission android:name="android.permission.ACCESS_NETWORK_STATE" />
12-->[com.google.firebase:firebase-auth:23.0.0] AndroidManifest.xml:26:5-79
12-->[com.google.firebase:firebase-auth:23.0.0] AndroidManifest.xml:26:22-76
13    <uses-permission android:name="com.google.android.providers.gsf.permission.READ_GSERVICES" />
13-->[com.google.android.recaptcha:recaptcha:18.4.0] AndroidManifest.xml:9:5-98
13-->[com.google.android.recaptcha:recaptcha:18.4.0] AndroidManifest.xml:9:22-95
14
15    <permission
15-->[androidx.core:core:1.13.1] AndroidManifest.xml:22:5-24:47
16        android:name="com.example.kitchenlist.DYNAMIC_RECEIVER_NOT_EXPORTED_PERMISSION"
16-->[androidx.core:core:1.13.1] AndroidManifest.xml:23:9-81
17        android:protectionLevel="signature" />
17-->[androidx.core:core:1.13.1] AndroidManifest.xml:24:9-44
18
19    <uses-permission android:name="com.example.kitchenlist.DYNAMIC_RECEIVER_NOT_EXPORTED_PERMISSION" />
19-->[androidx.core:core:1.13.1] AndroidManifest.xml:26:5-97
19-->[androidx.core:core:1.13.1] AndroidManifest.xml:26:22-94
20
21    <application
21-->src\main\AndroidManifest.xml:5:5-36:19
22        android:allowBackup="true"
22-->src\main\AndroidManifest.xml:6:9-35
23        android:appComponentFactory="androidx.core.app.CoreComponentFactory"
23-->[androidx.core:core:1.13.1] AndroidManifest.xml:28:18-86
24        android:dataExtractionRules="@xml/data_extraction_rules"
24-->src\main\AndroidManifest.xml:7:9-65
25        android:debuggable="true"
26        android:extractNativeLibs="false"
27        android:fullBackupContent="@xml/backup_rules"
27-->src\main\AndroidManifest.xml:8:9-54
28        android:icon="@mipmap/ic_launcher"
28-->src\main\AndroidManifest.xml:9:9-43
29        android:label="@string/app_name"
29-->src\main\AndroidManifest.xml:10:9-41
30        android:roundIcon="@mipmap/ic_launcher_round"
30-->src\main\AndroidManifest.xml:11:9-54
31        android:supportsRtl="true"
31-->src\main\AndroidManifest.xml:12:9-35
32        android:testOnly="true"
33        android:theme="@style/Theme.KitchenList" >
33-->src\main\AndroidManifest.xml:13:9-49
34        <activity
34-->src\main\AndroidManifest.xml:15:9-17:40
35            android:name="com.example.kitchenlist.DetailedFoodActivity"
35-->src\main\AndroidManifest.xml:16:13-49
36            android:exported="false" />
36-->src\main\AndroidManifest.xml:17:13-37
37        <activity
37-->src\main\AndroidManifest.xml:18:9-26:20
38            android:name="com.example.kitchenlist.LoginActivity"
38-->src\main\AndroidManifest.xml:19:13-42
39            android:exported="true" >
39-->src\main\AndroidManifest.xml:20:13-36
40            <intent-filter>
40-->src\main\AndroidManifest.xml:21:13-25:29
41                <action android:name="android.intent.action.MAIN" />
41-->src\main\AndroidManifest.xml:22:17-69
41-->src\main\AndroidManifest.xml:22:25-66
42
43                <category android:name="android.intent.category.LAUNCHER" />
43-->src\main\AndroidManifest.xml:24:17-77
43-->src\main\AndroidManifest.xml:24:27-74
44            </intent-filter>
45        </activity>
46        <activity
46-->src\main\AndroidManifest.xml:27:9-29:40
47            android:name="com.example.kitchenlist.SignupActivity"
47-->src\main\AndroidManifest.xml:28:13-43
48            android:exported="false" />
48-->src\main\AndroidManifest.xml:29:13-37
49        <activity
49-->src\main\AndroidManifest.xml:30:9-34:20
50            android:name="com.example.kitchenlist.MainActivity"
50-->src\main\AndroidManifest.xml:31:13-41
51            android:exported="false" >
51-->src\main\AndroidManifest.xml:32:13-37
52        </activity>
53        <activity
53-->[com.google.firebase:firebase-auth:23.0.0] AndroidManifest.xml:29:9-46:20
54            android:name="com.google.firebase.auth.internal.GenericIdpActivity"
54-->[com.google.firebase:firebase-auth:23.0.0] AndroidManifest.xml:30:13-80
55            android:excludeFromRecents="true"
55-->[com.google.firebase:firebase-auth:23.0.0] AndroidManifest.xml:31:13-46
56            android:exported="true"
56-->[com.google.firebase:firebase-auth:23.0.0] AndroidManifest.xml:32:13-36
57            android:launchMode="singleTask"
57-->[com.google.firebase:firebase-auth:23.0.0] AndroidManifest.xml:33:13-44
58            android:theme="@android:style/Theme.Translucent.NoTitleBar" >
58-->[com.google.firebase:firebase-auth:23.0.0] AndroidManifest.xml:34:13-72
59            <intent-filter>
59-->[com.google.firebase:firebase-auth:23.0.0] AndroidManifest.xml:35:13-45:29
60                <action android:name="android.intent.action.VIEW" />
60-->[com.google.firebase:firebase-auth:23.0.0] AndroidManifest.xml:36:17-69
60-->[com.google.firebase:firebase-auth:23.0.0] AndroidManifest.xml:36:25-66
61
62                <category android:name="android.intent.category.DEFAULT" />
62-->[com.google.firebase:firebase-auth:23.0.0] AndroidManifest.xml:38:17-76
62-->[com.google.firebase:firebase-auth:23.0.0] AndroidManifest.xml:38:27-73
63                <category android:name="android.intent.category.BROWSABLE" />
63-->[com.google.firebase:firebase-auth:23.0.0] AndroidManifest.xml:39:17-78
63-->[com.google.firebase:firebase-auth:23.0.0] AndroidManifest.xml:39:27-75
64
65                <data
65-->[com.google.firebase:firebase-auth:23.0.0] AndroidManifest.xml:41:17-44:51
66                    android:host="firebase.auth"
66-->[com.google.firebase:firebase-auth:23.0.0] AndroidManifest.xml:42:21-49
67                    android:path="/"
67-->[com.google.firebase:firebase-auth:23.0.0] AndroidManifest.xml:43:21-37
68                    android:scheme="genericidp" />
68-->[com.google.firebase:firebase-auth:23.0.0] AndroidManifest.xml:44:21-48
69            </intent-filter>
70        </activity>
71        <activity
71-->[com.google.firebase:firebase-auth:23.0.0] AndroidManifest.xml:47:9-64:20
72            android:name="com.google.firebase.auth.internal.RecaptchaActivity"
72-->[com.google.firebase:firebase-auth:23.0.0] AndroidManifest.xml:48:13-79
73            android:excludeFromRecents="true"
73-->[com.google.firebase:firebase-auth:23.0.0] AndroidManifest.xml:49:13-46
74            android:exported="true"
74-->[com.google.firebase:firebase-auth:23.0.0] AndroidManifest.xml:50:13-36
75            android:launchMode="singleTask"
75-->[com.google.firebase:firebase-auth:23.0.0] AndroidManifest.xml:51:13-44
76            android:theme="@android:style/Theme.Translucent.NoTitleBar" >
76-->[com.google.firebase:firebase-auth:23.0.0] AndroidManifest.xml:52:13-72
77            <intent-filter>
77-->[com.google.firebase:firebase-auth:23.0.0] AndroidManifest.xml:53:13-63:29
78                <action android:name="android.intent.action.VIEW" />
78-->[com.google.firebase:firebase-auth:23.0.0] AndroidManifest.xml:36:17-69
78-->[com.google.firebase:firebase-auth:23.0.0] AndroidManifest.xml:36:25-66
79
80                <category android:name="android.intent.category.DEFAULT" />
80-->[com.google.firebase:firebase-auth:23.0.0] AndroidManifest.xml:38:17-76
80-->[com.google.firebase:firebase-auth:23.0.0] AndroidManifest.xml:38:27-73
81                <category android:name="android.intent.category.BROWSABLE" />
81-->[com.google.firebase:firebase-auth:23.0.0] AndroidManifest.xml:39:17-78
81-->[com.google.firebase:firebase-auth:23.0.0] AndroidManifest.xml:39:27-75
82
83                <data
83-->[com.google.firebase:firebase-auth:23.0.0] AndroidManifest.xml:41:17-44:51
84                    android:host="firebase.auth"
84-->[com.google.firebase:firebase-auth:23.0.0] AndroidManifest.xml:42:21-49
85                    android:path="/"
85-->[com.google.firebase:firebase-auth:23.0.0] AndroidManifest.xml:43:21-37
86                    android:scheme="recaptcha" />
86-->[com.google.firebase:firebase-auth:23.0.0] AndroidManifest.xml:44:21-48
87            </intent-filter>
88        </activity>
89
90        <service
90-->[com.google.firebase:firebase-auth:23.0.0] AndroidManifest.xml:66:9-72:19
91            android:name="com.google.firebase.components.ComponentDiscoveryService"
91-->[com.google.firebase:firebase-auth:23.0.0] AndroidManifest.xml:67:13-84
92            android:directBootAware="true"
92-->[com.google.firebase:firebase-common:21.0.0] AndroidManifest.xml:32:13-43
93            android:exported="false" >
93-->[com.google.firebase:firebase-auth:23.0.0] AndroidManifest.xml:68:13-37
94            <meta-data
94-->[com.google.firebase:firebase-auth:23.0.0] AndroidManifest.xml:69:13-71:85
95                android:name="com.google.firebase.components:com.google.firebase.auth.FirebaseAuthRegistrar"
95-->[com.google.firebase:firebase-auth:23.0.0] AndroidManifest.xml:70:17-109
96                android:value="com.google.firebase.components.ComponentRegistrar" />
96-->[com.google.firebase:firebase-auth:23.0.0] AndroidManifest.xml:71:17-82
97            <meta-data
97-->[com.google.firebase:firebase-common-ktx:21.0.0] AndroidManifest.xml:12:13-14:85
98                android:name="com.google.firebase.components:com.google.firebase.ktx.FirebaseCommonLegacyRegistrar"
98-->[com.google.firebase:firebase-common-ktx:21.0.0] AndroidManifest.xml:13:17-116
99                android:value="com.google.firebase.components.ComponentRegistrar" />
99-->[com.google.firebase:firebase-common-ktx:21.0.0] AndroidManifest.xml:14:17-82
100            <meta-data
100-->[com.google.firebase:firebase-common:21.0.0] AndroidManifest.xml:35:13-37:85
101                android:name="com.google.firebase.components:com.google.firebase.FirebaseCommonKtxRegistrar"
101-->[com.google.firebase:firebase-common:21.0.0] AndroidManifest.xml:36:17-109
102                android:value="com.google.firebase.components.ComponentRegistrar" />
102-->[com.google.firebase:firebase-common:21.0.0] AndroidManifest.xml:37:17-82
103        </service>
104        <service
104-->[androidx.credentials:credentials-play-services-auth:1.2.0-rc01] AndroidManifest.xml:24:9-32:19
105            android:name="androidx.credentials.playservices.CredentialProviderMetadataHolder"
105-->[androidx.credentials:credentials-play-services-auth:1.2.0-rc01] AndroidManifest.xml:25:13-94
106            android:enabled="true"
106-->[androidx.credentials:credentials-play-services-auth:1.2.0-rc01] AndroidManifest.xml:26:13-35
107            android:exported="false" >
107-->[androidx.credentials:credentials-play-services-auth:1.2.0-rc01] AndroidManifest.xml:27:13-37
108            <meta-data
108-->[androidx.credentials:credentials-play-services-auth:1.2.0-rc01] AndroidManifest.xml:29:13-31:104
109                android:name="androidx.credentials.CREDENTIAL_PROVIDER_KEY"
109-->[androidx.credentials:credentials-play-services-auth:1.2.0-rc01] AndroidManifest.xml:30:17-76
110                android:value="androidx.credentials.playservices.CredentialProviderPlayServicesImpl" />
110-->[androidx.credentials:credentials-play-services-auth:1.2.0-rc01] AndroidManifest.xml:31:17-101
111        </service>
112
113        <activity
113-->[androidx.credentials:credentials-play-services-auth:1.2.0-rc01] AndroidManifest.xml:34:9-41:20
114            android:name="androidx.credentials.playservices.HiddenActivity"
114-->[androidx.credentials:credentials-play-services-auth:1.2.0-rc01] AndroidManifest.xml:35:13-76
115            android:configChanges="orientation|screenSize|screenLayout|keyboardHidden"
115-->[androidx.credentials:credentials-play-services-auth:1.2.0-rc01] AndroidManifest.xml:36:13-87
116            android:enabled="true"
116-->[androidx.credentials:credentials-play-services-auth:1.2.0-rc01] AndroidManifest.xml:37:13-35
117            android:exported="false"
117-->[androidx.credentials:credentials-play-services-auth:1.2.0-rc01] AndroidManifest.xml:38:13-37
118            android:fitsSystemWindows="true"
118-->[androidx.credentials:credentials-play-services-auth:1.2.0-rc01] AndroidManifest.xml:39:13-45
119            android:theme="@style/Theme.Hidden" >
119-->[androidx.credentials:credentials-play-services-auth:1.2.0-rc01] AndroidManifest.xml:40:13-48
120        </activity>
121        <activity
121-->[com.google.android.gms:play-services-auth:20.7.0] AndroidManifest.xml:23:9-27:75
122            android:name="com.google.android.gms.auth.api.signin.internal.SignInHubActivity"
122-->[com.google.android.gms:play-services-auth:20.7.0] AndroidManifest.xml:24:13-93
123            android:excludeFromRecents="true"
123-->[com.google.android.gms:play-services-auth:20.7.0] AndroidManifest.xml:25:13-46
124            android:exported="false"
124-->[com.google.android.gms:play-services-auth:20.7.0] AndroidManifest.xml:26:13-37
125            android:theme="@android:style/Theme.Translucent.NoTitleBar" />
125-->[com.google.android.gms:play-services-auth:20.7.0] AndroidManifest.xml:27:13-72
126        <!--
127            Service handling Google Sign-In user revocation. For apps that do not integrate with
128            Google Sign-In, this service will never be started.
129        -->
130        <service
130-->[com.google.android.gms:play-services-auth:20.7.0] AndroidManifest.xml:33:9-37:51
131            android:name="com.google.android.gms.auth.api.signin.RevocationBoundService"
131-->[com.google.android.gms:play-services-auth:20.7.0] AndroidManifest.xml:34:13-89
132            android:exported="true"
132-->[com.google.android.gms:play-services-auth:20.7.0] AndroidManifest.xml:35:13-36
133            android:permission="com.google.android.gms.auth.api.signin.permission.REVOCATION_NOTIFICATION"
133-->[com.google.android.gms:play-services-auth:20.7.0] AndroidManifest.xml:36:13-107
134            android:visibleToInstantApps="true" />
134-->[com.google.android.gms:play-services-auth:20.7.0] AndroidManifest.xml:37:13-48
135
136        <provider
136-->[com.google.firebase:firebase-common:21.0.0] AndroidManifest.xml:23:9-28:39
137            android:name="com.google.firebase.provider.FirebaseInitProvider"
137-->[com.google.firebase:firebase-common:21.0.0] AndroidManifest.xml:24:13-77
138            android:authorities="com.example.kitchenlist.firebaseinitprovider"
138-->[com.google.firebase:firebase-common:21.0.0] AndroidManifest.xml:25:13-72
139            android:directBootAware="true"
139-->[com.google.firebase:firebase-common:21.0.0] AndroidManifest.xml:26:13-43
140            android:exported="false"
140-->[com.google.firebase:firebase-common:21.0.0] AndroidManifest.xml:27:13-37
141            android:initOrder="100" />
141-->[com.google.firebase:firebase-common:21.0.0] AndroidManifest.xml:28:13-36
142
143        <activity
143-->[com.google.android.gms:play-services-base:18.0.1] AndroidManifest.xml:20:9-22:45
144            android:name="com.google.android.gms.common.api.GoogleApiActivity"
144-->[com.google.android.gms:play-services-base:18.0.1] AndroidManifest.xml:20:19-85
145            android:exported="false"
145-->[com.google.android.gms:play-services-base:18.0.1] AndroidManifest.xml:22:19-43
146            android:theme="@android:style/Theme.Translucent.NoTitleBar" />
146-->[com.google.android.gms:play-services-base:18.0.1] AndroidManifest.xml:21:19-78
147
148        <meta-data
148-->[com.google.android.gms:play-services-basement:18.3.0] AndroidManifest.xml:21:9-23:69
149            android:name="com.google.android.gms.version"
149-->[com.google.android.gms:play-services-basement:18.3.0] AndroidManifest.xml:22:13-58
150            android:value="@integer/google_play_services_version" />
150-->[com.google.android.gms:play-services-basement:18.3.0] AndroidManifest.xml:23:13-66
151
152        <provider
152-->[androidx.emoji2:emoji2:1.3.0] AndroidManifest.xml:24:9-32:20
153            android:name="androidx.startup.InitializationProvider"
153-->[androidx.emoji2:emoji2:1.3.0] AndroidManifest.xml:25:13-67
154            android:authorities="com.example.kitchenlist.androidx-startup"
154-->[androidx.emoji2:emoji2:1.3.0] AndroidManifest.xml:26:13-68
155            android:exported="false" >
155-->[androidx.emoji2:emoji2:1.3.0] AndroidManifest.xml:27:13-37
156            <meta-data
156-->[androidx.emoji2:emoji2:1.3.0] AndroidManifest.xml:29:13-31:52
157                android:name="androidx.emoji2.text.EmojiCompatInitializer"
157-->[androidx.emoji2:emoji2:1.3.0] AndroidManifest.xml:30:17-75
158                android:value="androidx.startup" />
158-->[androidx.emoji2:emoji2:1.3.0] AndroidManifest.xml:31:17-49
159            <meta-data
159-->[androidx.lifecycle:lifecycle-process:2.6.2] AndroidManifest.xml:29:13-31:52
160                android:name="androidx.lifecycle.ProcessLifecycleInitializer"
160-->[androidx.lifecycle:lifecycle-process:2.6.2] AndroidManifest.xml:30:17-78
161                android:value="androidx.startup" />
161-->[androidx.lifecycle:lifecycle-process:2.6.2] AndroidManifest.xml:31:17-49
162            <meta-data
162-->[androidx.profileinstaller:profileinstaller:1.3.1] AndroidManifest.xml:29:13-31:52
163                android:name="androidx.profileinstaller.ProfileInstallerInitializer"
163-->[androidx.profileinstaller:profileinstaller:1.3.1] AndroidManifest.xml:30:17-85
164                android:value="androidx.startup" />
164-->[androidx.profileinstaller:profileinstaller:1.3.1] AndroidManifest.xml:31:17-49
165        </provider>
166
167        <receiver
167-->[androidx.profileinstaller:profileinstaller:1.3.1] AndroidManifest.xml:34:9-52:20
168            android:name="androidx.profileinstaller.ProfileInstallReceiver"
168-->[androidx.profileinstaller:profileinstaller:1.3.1] AndroidManifest.xml:35:13-76
169            android:directBootAware="false"
169-->[androidx.profileinstaller:profileinstaller:1.3.1] AndroidManifest.xml:36:13-44
170            android:enabled="true"
170-->[androidx.profileinstaller:profileinstaller:1.3.1] AndroidManifest.xml:37:13-35
171            android:exported="true"
171-->[androidx.profileinstaller:profileinstaller:1.3.1] AndroidManifest.xml:38:13-36
172            android:permission="android.permission.DUMP" >
172-->[androidx.profileinstaller:profileinstaller:1.3.1] AndroidManifest.xml:39:13-57
173            <intent-filter>
173-->[androidx.profileinstaller:profileinstaller:1.3.1] AndroidManifest.xml:40:13-42:29
174                <action android:name="androidx.profileinstaller.action.INSTALL_PROFILE" />
174-->[androidx.profileinstaller:profileinstaller:1.3.1] AndroidManifest.xml:41:17-91
174-->[androidx.profileinstaller:profileinstaller:1.3.1] AndroidManifest.xml:41:25-88
175            </intent-filter>
176            <intent-filter>
176-->[androidx.profileinstaller:profileinstaller:1.3.1] AndroidManifest.xml:43:13-45:29
177                <action android:name="androidx.profileinstaller.action.SKIP_FILE" />
177-->[androidx.profileinstaller:profileinstaller:1.3.1] AndroidManifest.xml:44:17-85
177-->[androidx.profileinstaller:profileinstaller:1.3.1] AndroidManifest.xml:44:25-82
178            </intent-filter>
179            <intent-filter>
179-->[androidx.profileinstaller:profileinstaller:1.3.1] AndroidManifest.xml:46:13-48:29
180                <action android:name="androidx.profileinstaller.action.SAVE_PROFILE" />
180-->[androidx.profileinstaller:profileinstaller:1.3.1] AndroidManifest.xml:47:17-88
180-->[androidx.profileinstaller:profileinstaller:1.3.1] AndroidManifest.xml:47:25-85
181            </intent-filter>
182            <intent-filter>
182-->[androidx.profileinstaller:profileinstaller:1.3.1] AndroidManifest.xml:49:13-51:29
183                <action android:name="androidx.profileinstaller.action.BENCHMARK_OPERATION" />
183-->[androidx.profileinstaller:profileinstaller:1.3.1] AndroidManifest.xml:50:17-95
183-->[androidx.profileinstaller:profileinstaller:1.3.1] AndroidManifest.xml:50:25-92
184            </intent-filter>
185        </receiver>
186    </application>
187
188</manifest>